[28955:4617429:0713/141230.847307:ERROR:ui/display/mac/cv_display_link_mac.mm:194] CVDisplayLinkCreateWithCGDisplay failed. CVReturn: -6670
[28955:4617429:0713/141230.848340:ERROR:ui/display/mac/cv_display_link_mac.mm:194] CVDisplayLinkCreateWithCGDisplay failed. CVReturn: -6670
[28955:4617429:0713/141230.848622:ERROR:ui/display/mac/cv_display_link_mac.mm:194] CVDisplayLinkCreateWithCGDisplay failed. CVReturn: -6670
[28955:4617429:0713/141230.848860:ERROR:ui/display/mac/cv_display_link_mac.mm:194] CVDisplayLinkCreateWithCGDisplay failed. CVReturn: -6670
[28955:4617429:0713/141231.588888:ERROR:ui/display/mac/cv_display_link_mac.mm:194] CVDisplayLinkCreateWithCGDisplay failed. CVReturn: -6670
[28955:4617429:0713/141231.724717:ERROR:ui/display/mac/cv_display_link_mac.mm:194] CVDisplayLinkCreateWithCGDisplay failed. CVReturn: -6670
[28955:4617429:0713/141231.939696:ERROR:ui/display/mac/cv_display_link_mac.mm:194] CVDisplayLinkCreateWithCGDisplay failed. CVReturn: -6670
[28955:4617429:0713/141231.940030:ERROR:ui/display/mac/cv_display_link_mac.mm:194] CVDisplayLinkCreateWithCGDisplay failed. CVReturn: -6670
[28955:4617429:0713/141231.940227:ERROR:ui/display/mac/cv_display_link_mac.mm:194] CVDisplayLinkCreateWithCGDisplay failed. CVReturn: -6670
[28955:4617429:0713/141233.876523:ERROR:ui/display/mac/cv_display_link_mac.mm:194] CVDisplayLinkCreateWithCGDisplay failed. CVReturn: -6670
Trying to load the allocator multiple times. This is *not* supported.
[28955:4617429:0713/141234.025981:ERROR:ui/display/mac/cv_display_link_mac.mm:194] CVDisplayLinkCreateWithCGDisplay failed. CVReturn: -6670
[28955:4617429:0713/141234.187651:ERROR:ui/display/mac/cv_display_link_mac.mm:194] CVDisplayLinkCreateWithCGDisplay failed. CVReturn: -6670
[28955:4617429:0713/141234.370006:ERROR:ui/display/mac/cv_display_link_mac.mm:194] CVDisplayLinkCreateWithCGDisplay failed. CVReturn: -6670
[28955:4617429:0713/141234.509386:ERROR:ui/display/mac/cv_display_link_mac.mm:194] CVDisplayLinkCreateWithCGDisplay failed. CVReturn: -6670
[28955:4617429:0713/141234.656713:ERROR:ui/display/mac/cv_display_link_mac.mm:194] CVDisplayLinkCreateWithCGDisplay failed. CVReturn: -6670
[28955:4617429:0713/141234.820024:ERROR:ui/display/mac/cv_display_link_mac.mm:194] CVDisplayLinkCreateWithCGDisplay failed. CVReturn: -6670
[29246:4618291:0713/141249.023269:VERBOSE1:chrome/updater/updater.cc:374] Version: 152.0.7933.0, opt, x86_64, command line: /Users/lutan/Library/Application Support/Google/GoogleUpdater/152.0.7933.0/GoogleUpdater.app/Contents/MacOS/GoogleUpdater --wake-all --enable-logging --vmodule=*/components/update_client/*=2,*/chrome/enterprise_companion/*=2,*/chrome/updater/*=2
[29246:4618291:0713/141249.024237:VERBOSE1:chrome/updater/updater.cc:377] OS version: 15.7.7, arch: x86_64, System uptime (seconds): 248304, parent pid: 28939
[29246:4618291:0713/141249.027928:VERBOSE1:chrome/updater/updater.cc:382] Available disk space in install directory (/Users/lutan/Library/Application Support/Google/GoogleUpdater): 239737479168B (223.273GiB) / 499963174912B (465.627GiB)
[29246:4618291:0713/141249.027991:VERBOSE1:chrome/updater/updater.cc:386] Available disk space in temporary directory (/var/folders/zg/w96xmz093p5b24rf49lfv4500000gn/T/): 239737479168B (223.273GiB) / 499963174912B (465.627GiB)
[29246:4618291:0713/141249.028162:VERBOSE2:chrome/updater/event_history.cc:265] Emitted a UPDATER_PROCESS START event to the history log
[29248:4618295:0713/141249.051495:VERBOSE1:chrome/updater/updater.cc:374] Version: 152.0.7933.0, opt, x86_64, command line: /Users/lutan/Library/Application Support/Google/GoogleUpdater/152.0.7933.0/GoogleUpdater.app/Contents/MacOS/GoogleUpdater --crash-handler --database=/Users/lutan/Library/Application Support/Google/GoogleUpdater/152.0.7933.0/Crashpad --url=https://clients2.google.com/cr/report --annotation=prod=Update4 --annotation=ver=152.0.7933.0 --handshake-fd=6 --enable-logging --vmodule=*/components/update_client/*=2,*/chrome/enterprise_companion/*=2,*/chrome/updater/*=2
[29248:4618295:0713/141249.052512:VERBOSE1:chrome/updater/updater.cc:377] OS version: 15.7.7, arch: x86_64, System uptime (seconds): 248304, parent pid: 1
[29248:4618295:0713/141249.056248:VERBOSE1:chrome/updater/updater.cc:382] Available disk space in install directory (/Users/lutan/Library/Application Support/Google/GoogleUpdater): 239737479168B (223.273GiB) / 499963174912B (465.627GiB)
[29248:4618295:0713/141249.056304:VERBOSE1:chrome/updater/updater.cc:386] Available disk space in temporary directory (/var/folders/zg/w96xmz093p5b24rf49lfv4500000gn/T/): 239737479168B (223.273GiB) / 499963174912B (465.627GiB)
[29248:4618295:0713/141249.056496:VERBOSE2:chrome/updater/event_history.cc:265] Emitted a UPDATER_PROCESS START event to the history log
[29246:4618291:0713/141249.057323:VERBOSE1:chrome/updater/crash_reporter.cc:124] Crash handler launched and ready.
[29246:4618291:0713/141249.058698:VERBOSE1:chrome/updater/crash_client.cc:108] Found 0 completed crash reports
[29246:4618291:0713/141249.058882:VERBOSE1:chrome/updater/crash_client.cc:132] Found 0 pending crash reports
[29246:4618291:0713/141249.059049:ERROR:third_party/crashpad/crashpad/util/file/file_io_posix.cc:145] open /Users/lutan/Library/Application Support/Google/RLZ/Crashpad/settings.dat: No such file or directory (2)
[29246:4618291:0713/141249.059349:VERBOSE1:chrome/updater/updater.cc:105] Crash reporting initialized.
[29246:4618303:0713/141249.059990:VERBOSE1:chrome/updater/app/app_wakeall.cc:58] Launching `/Users/lutan/Library/Application Support/Google/GoogleUpdater/152.0.7933.0/GoogleUpdater.app/Contents/MacOS/GoogleUpdater --wake`
[29249:4618307:0713/141249.082518:VERBOSE1:chrome/updater/updater.cc:374] Version: 152.0.7933.0, opt, x86_64, command line: /Users/lutan/Library/Application Support/Google/GoogleUpdater/152.0.7933.0/GoogleUpdater.app/Contents/MacOS/GoogleUpdater --wake --enable-logging --vmodule=*/components/update_client/*=2,*/chrome/enterprise_companion/*=2,*/chrome/updater/*=2
[29249:4618307:0713/141249.083901:VERBOSE1:chrome/updater/updater.cc:377] OS version: 15.7.7, arch: x86_64, System uptime (seconds): 248304, parent pid: 29246
[29249:4618307:0713/141249.088256:VERBOSE1:chrome/updater/updater.cc:382] Available disk space in install directory (/Users/lutan/Library/Application Support/Google/GoogleUpdater): 239737479168B (223.273GiB) / 499963174912B (465.627GiB)
[29249:4618307:0713/141249.088318:VERBOSE1:chrome/updater/updater.cc:386] Available disk space in temporary directory (/var/folders/zg/w96xmz093p5b24rf49lfv4500000gn/T/): 239737479168B (223.273GiB) / 499963174912B (465.627GiB)
[29249:4618307:0713/141249.088485:VERBOSE2:chrome/updater/event_history.cc:265] Emitted a UPDATER_PROCESS START event to the history log
[29251:4618311:0713/141249.107449:VERBOSE1:chrome/updater/updater.cc:374] Version: 152.0.7933.0, opt, x86_64, command line: /Users/lutan/Library/Application Support/Google/GoogleUpdater/152.0.7933.0/GoogleUpdater.app/Contents/MacOS/GoogleUpdater --crash-handler --database=/Users/lutan/Library/Application Support/Google/GoogleUpdater/152.0.7933.0/Crashpad --url=https://clients2.google.com/cr/report --annotation=prod=Update4 --annotation=ver=152.0.7933.0 --handshake-fd=6 --enable-logging --vmodule=*/components/update_client/*=2,*/chrome/enterprise_companion/*=2,*/chrome/updater/*=2
[29251:4618311:0713/141249.108319:VERBOSE1:chrome/updater/updater.cc:377] OS version: 15.7.7, arch: x86_64, System uptime (seconds): 248304, parent pid: 1
[29251:4618311:0713/141249.116218:VERBOSE1:chrome/updater/updater.cc:382] Available disk space in install directory (/Users/lutan/Library/Application Support/Google/GoogleUpdater): 239737479168B (223.273GiB) / 499963174912B (465.627GiB)
[29251:4618311:0713/141249.116328:VERBOSE1:chrome/updater/updater.cc:386] Available disk space in temporary directory (/var/folders/zg/w96xmz093p5b24rf49lfv4500000gn/T/): 239737479168B (223.273GiB) / 499963174912B (465.627GiB)
[29251:4618311:0713/141249.116607:VERBOSE2:chrome/updater/event_history.cc:265] Emitted a UPDATER_PROCESS START event to the history log
[29249:4618307:0713/141249.117640:VERBOSE1:chrome/updater/crash_reporter.cc:124] Crash handler launched and ready.
[29249:4618307:0713/141249.119433:VERBOSE1:chrome/updater/crash_client.cc:108] Found 0 completed crash reports
[29249:4618307:0713/141249.119578:VERBOSE1:chrome/updater/crash_client.cc:132] Found 0 pending crash reports
[29249:4618307:0713/141249.119730:ERROR:third_party/crashpad/crashpad/util/file/file_io_posix.cc:145] open /Users/lutan/Library/Application Support/Google/RLZ/Crashpad/settings.dat: No such file or directory (2)
[29249:4618307:0713/141249.120029:VERBOSE1:chrome/updater/updater.cc:105] Crash reporting initialized.
[29249:4618307:0713/141249.120538:VERBOSE1:chrome/updater/ipc/update_service_internal_proxy_mojo.cc:61] Run
[28939:4617348:0713/141258.843167:ERROR:google_apis/gcm/engine/registration_request.cc:291] Registration response error message: DEPRECATED_ENDPOINT
[29249:4618307:0713/141306.037555:VERBOSE1:chrome/updater/app/app.cc:52] Shutdown: 0
[29249:4618307:0713/141306.038739:VERBOSE2:chrome/updater/event_history.cc:265] Emitted a UPDATER_PROCESS END event to the history log
[29249:4618307:0713/141306.038792:VERBOSE1:chrome/updater/updater.cc:419] UpdaterMain (--wake) returned 0.
[29246:4618303:0713/141306.151537:VERBOSE1:chrome/updater/app/app_wakeall.cc:68] `/Users/lutan/Library/Application Support/Google/GoogleUpdater/152.0.7933.0/GoogleUpdater.app/Contents/MacOS/GoogleUpdater --wake` exited 0
[29246:4618291:0713/141306.151767:VERBOSE1:chrome/updater/app/app.cc:52] Shutdown: 0
[29246:4618291:0713/141306.153374:VERBOSE2:chrome/updater/event_history.cc:265] Emitted a UPDATER_PROCESS END event to the history log
[29246:4618291:0713/141306.153454:VERBOSE1:chrome/updater/updater.cc:419] UpdaterMain (--wake-all) returned 0.
[28955:4617429:0713/141308.407294:ERROR:ui/display/mac/cv_display_link_mac.mm:194] CVDisplayLinkCreateWithCGDisplay failed. CVReturn: -6670
[29251:4618311:0713/141316.058499:VERBOSE2:chrome/updater/event_history.cc:265] Emitted a UPDATER_PROCESS END event to the history log
[29251:4618311:0713/141316.058961:VERBOSE1:chrome/updater/updater.cc:419] UpdaterMain (--crash-handler) returned 0.
[29248:4618295:0713/141316.060342:VERBOSE2:chrome/updater/event_history.cc:265] Emitted a UPDATER_PROCESS END event to the history log
[29248:4618295:0713/141316.060439:VERBOSE1:chrome/updater/updater.cc:419] UpdaterMain (--crash-handler) returned 0.
[28939:4617348:0713/141333.339811:ERROR:google_apis/gcm/engine/registration_request.cc:291] Registration response error message: DEPRECATED_ENDPOINT
215161 bytes written to file /Users/lutan/Projects/vue-supplychain-demo/.tmp-url-screenshots/02-antd-pro-table-list.png
