[43428:4654952:0713/143006.015303:ERROR:ui/display/mac/cv_display_link_mac.mm:194] CVDisplayLinkCreateWithCGDisplay failed. CVReturn: -6670
[43428:4654952:0713/143006.016810:ERROR:ui/display/mac/cv_display_link_mac.mm:194] CVDisplayLinkCreateWithCGDisplay failed. CVReturn: -6670
[43428:4654952:0713/143006.017166:ERROR:ui/display/mac/cv_display_link_mac.mm:194] CVDisplayLinkCreateWithCGDisplay failed. CVReturn: -6670
[43428:4654952:0713/143006.017520:ERROR:ui/display/mac/cv_display_link_mac.mm:194] CVDisplayLinkCreateWithCGDisplay failed. CVReturn: -6670
Trying to load the allocator multiple times. This is *not* supported.
[43744:4655743:0713/143024.252789:VERBOSE1:chrome/updater/updater.cc:374] Version: 152.0.7933.0, opt, x86_64, command line: /Users/lutan/Library/Application Support/Google/GoogleUpdater/152.0.7933.0/GoogleUpdater.app/Contents/MacOS/GoogleUpdater --wake-all --enable-logging --vmodule=*/components/update_client/*=2,*/chrome/enterprise_companion/*=2,*/chrome/updater/*=2
[43744:4655743:0713/143024.254176:VERBOSE1:chrome/updater/updater.cc:377] OS version: 15.7.7, arch: x86_64, System uptime (seconds): 249359, parent pid: 43424
[43744:4655743:0713/143024.265363:VERBOSE1:chrome/updater/updater.cc:382] Available disk space in install directory (/Users/lutan/Library/Application Support/Google/GoogleUpdater): 238261747712B (221.899GiB) / 499963174912B (465.627GiB)
[43744:4655743:0713/143024.265477:VERBOSE1:chrome/updater/updater.cc:386] Available disk space in temporary directory (/var/folders/zg/w96xmz093p5b24rf49lfv4500000gn/T/): 238261747712B (221.899GiB) / 499963174912B (465.627GiB)
[43744:4655743:0713/143024.265874:VERBOSE2:chrome/updater/event_history.cc:265] Emitted a UPDATER_PROCESS START event to the history log
[43746:4655747:0713/143024.302891:VERBOSE1:chrome/updater/updater.cc:374] Version: 152.0.7933.0, opt, x86_64, command line: /Users/lutan/Library/Application Support/Google/GoogleUpdater/152.0.7933.0/GoogleUpdater.app/Contents/MacOS/GoogleUpdater --crash-handler --database=/Users/lutan/Library/Application Support/Google/GoogleUpdater/152.0.7933.0/Crashpad --url=https://clients2.google.com/cr/report --annotation=prod=Update4 --annotation=ver=152.0.7933.0 --handshake-fd=6 --enable-logging --vmodule=*/components/update_client/*=2,*/chrome/enterprise_companion/*=2,*/chrome/updater/*=2
[43746:4655747:0713/143024.304345:VERBOSE1:chrome/updater/updater.cc:377] OS version: 15.7.7, arch: x86_64, System uptime (seconds): 249359, parent pid: 1
[43746:4655747:0713/143024.318202:VERBOSE1:chrome/updater/updater.cc:382] Available disk space in install directory (/Users/lutan/Library/Application Support/Google/GoogleUpdater): 238261747712B (221.899GiB) / 499963174912B (465.627GiB)
[43746:4655747:0713/143024.318291:VERBOSE1:chrome/updater/updater.cc:386] Available disk space in temporary directory (/var/folders/zg/w96xmz093p5b24rf49lfv4500000gn/T/): 238261747712B (221.899GiB) / 499963174912B (465.627GiB)
[43746:4655747:0713/143024.318620:VERBOSE2:chrome/updater/event_history.cc:265] Emitted a UPDATER_PROCESS START event to the history log
[43744:4655743:0713/143024.320509:VERBOSE1:chrome/updater/crash_reporter.cc:124] Crash handler launched and ready.
[43744:4655743:0713/143024.322600:VERBOSE1:chrome/updater/crash_client.cc:108] Found 0 completed crash reports
[43744:4655743:0713/143024.322810:VERBOSE1:chrome/updater/crash_client.cc:132] Found 0 pending crash reports
[43744:4655743:0713/143024.323033:ERROR:third_party/crashpad/crashpad/util/file/file_io_posix.cc:145] open /Users/lutan/Library/Application Support/Google/RLZ/Crashpad/settings.dat: No such file or directory (2)
[43744:4655743:0713/143024.323594:VERBOSE1:chrome/updater/updater.cc:105] Crash reporting initialized.
[43744:4655755:0713/143024.327978:VERBOSE1:chrome/updater/app/app_wakeall.cc:58] Launching `/Users/lutan/Library/Application Support/Google/GoogleUpdater/152.0.7933.0/GoogleUpdater.app/Contents/MacOS/GoogleUpdater --wake`
[43747:4655759:0713/143024.366577:VERBOSE1:chrome/updater/updater.cc:374] Version: 152.0.7933.0, opt, x86_64, command line: /Users/lutan/Library/Application Support/Google/GoogleUpdater/152.0.7933.0/GoogleUpdater.app/Contents/MacOS/GoogleUpdater --wake --enable-logging --vmodule=*/components/update_client/*=2,*/chrome/enterprise_companion/*=2,*/chrome/updater/*=2
[43747:4655759:0713/143024.369179:VERBOSE1:chrome/updater/updater.cc:377] OS version: 15.7.7, arch: x86_64, System uptime (seconds): 249359, parent pid: 43744
[43747:4655759:0713/143024.381435:VERBOSE1:chrome/updater/updater.cc:382] Available disk space in install directory (/Users/lutan/Library/Application Support/Google/GoogleUpdater): 238261747712B (221.899GiB) / 499963174912B (465.627GiB)
[43747:4655759:0713/143024.381605:VERBOSE1:chrome/updater/updater.cc:386] Available disk space in temporary directory (/var/folders/zg/w96xmz093p5b24rf49lfv4500000gn/T/): 238261747712B (221.899GiB) / 499963174912B (465.627GiB)
[43747:4655759:0713/143024.382028:VERBOSE2:chrome/updater/event_history.cc:265] Emitted a UPDATER_PROCESS START event to the history log
[43749:4655763:0713/143024.419907:VERBOSE1:chrome/updater/updater.cc:374] Version: 152.0.7933.0, opt, x86_64, command line: /Users/lutan/Library/Application Support/Google/GoogleUpdater/152.0.7933.0/GoogleUpdater.app/Contents/MacOS/GoogleUpdater --crash-handler --database=/Users/lutan/Library/Application Support/Google/GoogleUpdater/152.0.7933.0/Crashpad --url=https://clients2.google.com/cr/report --annotation=prod=Update4 --annotation=ver=152.0.7933.0 --handshake-fd=6 --enable-logging --vmodule=*/components/update_client/*=2,*/chrome/enterprise_companion/*=2,*/chrome/updater/*=2
[43749:4655763:0713/143024.421221:VERBOSE1:chrome/updater/updater.cc:377] OS version: 15.7.7, arch: x86_64, System uptime (seconds): 249359, parent pid: 1
[43749:4655763:0713/143024.436091:VERBOSE1:chrome/updater/updater.cc:382] Available disk space in install directory (/Users/lutan/Library/Application Support/Google/GoogleUpdater): 238261747712B (221.899GiB) / 499963174912B (465.627GiB)
[43749:4655763:0713/143024.436178:VERBOSE1:chrome/updater/updater.cc:386] Available disk space in temporary directory (/var/folders/zg/w96xmz093p5b24rf49lfv4500000gn/T/): 238261747712B (221.899GiB) / 499963174912B (465.627GiB)
[43749:4655763:0713/143024.436448:VERBOSE2:chrome/updater/event_history.cc:265] Emitted a UPDATER_PROCESS START event to the history log
[43747:4655759:0713/143024.437616:VERBOSE1:chrome/updater/crash_reporter.cc:124] Crash handler launched and ready.
[43747:4655759:0713/143024.439858:VERBOSE1:chrome/updater/crash_client.cc:108] Found 0 completed crash reports
[43747:4655759:0713/143024.440072:VERBOSE1:chrome/updater/crash_client.cc:132] Found 0 pending crash reports
[43747:4655759:0713/143024.440300:ERROR:third_party/crashpad/crashpad/util/file/file_io_posix.cc:145] open /Users/lutan/Library/Application Support/Google/RLZ/Crashpad/settings.dat: No such file or directory (2)
[43747:4655759:0713/143024.449975:VERBOSE1:chrome/updater/updater.cc:105] Crash reporting initialized.
[43747:4655759:0713/143024.451350:VERBOSE1:chrome/updater/ipc/update_service_internal_proxy_mojo.cc:61] Run
[43424:4654885:0713/143029.850234:ERROR:google_apis/gcm/engine/registration_request.cc:291] Registration response error message: DEPRECATED_ENDPOINT
Created TensorFlow Lite XNNPACK delegate for CPU.
[43747:4655759:0713/143041.554868:VERBOSE1:chrome/updater/app/app.cc:52] Shutdown: 0
[43747:4655759:0713/143041.559818:VERBOSE2:chrome/updater/event_history.cc:265] Emitted a UPDATER_PROCESS END event to the history log
[43747:4655759:0713/143041.560067:VERBOSE1:chrome/updater/updater.cc:419] UpdaterMain (--wake) returned 0.
[43744:4655755:0713/143041.671569:VERBOSE1:chrome/updater/app/app_wakeall.cc:68] `/Users/lutan/Library/Application Support/Google/GoogleUpdater/152.0.7933.0/GoogleUpdater.app/Contents/MacOS/GoogleUpdater --wake` exited 0
[43744:4655743:0713/143041.671838:VERBOSE1:chrome/updater/app/app.cc:52] Shutdown: 0
[43744:4655743:0713/143041.673111:VERBOSE2:chrome/updater/event_history.cc:265] Emitted a UPDATER_PROCESS END event to the history log
[43744:4655743:0713/143041.673192:VERBOSE1:chrome/updater/updater.cc:419] UpdaterMain (--wake-all) returned 0.
[43749:4655763:0713/143051.588913:VERBOSE2:chrome/updater/event_history.cc:265] Emitted a UPDATER_PROCESS END event to the history log
[43749:4655763:0713/143051.589072:VERBOSE1:chrome/updater/updater.cc:419] UpdaterMain (--crash-handler) returned 0.
[43746:4655747:0713/143051.603306:VERBOSE2:chrome/updater/event_history.cc:265] Emitted a UPDATER_PROCESS END event to the history log
[43746:4655747:0713/143051.603647:VERBOSE1:chrome/updater/updater.cc:419] UpdaterMain (--crash-handler) returned 0.
