[44359:4657454:0713/143109.465557:ERROR:ui/display/mac/cv_display_link_mac.mm:194] CVDisplayLinkCreateWithCGDisplay failed. CVReturn: -6670
[44359:4657454:0713/143109.467240:ERROR:ui/display/mac/cv_display_link_mac.mm:194] CVDisplayLinkCreateWithCGDisplay failed. CVReturn: -6670
[44359:4657454:0713/143109.467667:ERROR:ui/display/mac/cv_display_link_mac.mm:194] CVDisplayLinkCreateWithCGDisplay failed. CVReturn: -6670
[44359:4657454:0713/143109.468070:ERROR:ui/display/mac/cv_display_link_mac.mm:194] CVDisplayLinkCreateWithCGDisplay failed. CVReturn: -6670
Created TensorFlow Lite XNNPACK delegate for CPU.
[44359:4657454:0713/143111.986877:ERROR:ui/display/mac/cv_display_link_mac.mm:194] CVDisplayLinkCreateWithCGDisplay failed. CVReturn: -6670
Trying to load the allocator multiple times. This is *not* supported.
556972 bytes written to file /Users/lutan/Projects/vue-supplychain-demo/.tmp-url-screenshots/alt-jdcloud-warehouse.png
[44714:4658427:0713/143128.783588:VERBOSE1:chrome/updater/updater.cc:374] Version: 152.0.7933.0, opt, x86_64, command line: /Users/lutan/Library/Application Support/Google/GoogleUpdater/152.0.7933.0/GoogleUpdater.app/Contents/MacOS/GoogleUpdater --wake-all --enable-logging --vmodule=*/components/update_client/*=2,*/chrome/enterprise_companion/*=2,*/chrome/updater/*=2
[44714:4658427:0713/143128.785197:VERBOSE1:chrome/updater/updater.cc:377] OS version: 15.7.7, arch: x86_64, System uptime (seconds): 249423, parent pid: 44336
[44714:4658427:0713/143128.799447:VERBOSE1:chrome/updater/updater.cc:382] Available disk space in install directory (/Users/lutan/Library/Application Support/Google/GoogleUpdater): 238253748224B (221.891GiB) / 499963174912B (465.627GiB)
[44714:4658427:0713/143128.799594:VERBOSE1:chrome/updater/updater.cc:386] Available disk space in temporary directory (/var/folders/zg/w96xmz093p5b24rf49lfv4500000gn/T/): 238253748224B (221.891GiB) / 499963174912B (465.627GiB)
[44714:4658427:0713/143128.800003:VERBOSE2:chrome/updater/event_history.cc:265] Emitted a UPDATER_PROCESS START event to the history log
[44725:4658440:0713/143128.851468:VERBOSE1:chrome/updater/updater.cc:374] Version: 152.0.7933.0, opt, x86_64, command line: /Users/lutan/Library/Application Support/Google/GoogleUpdater/152.0.7933.0/GoogleUpdater.app/Contents/MacOS/GoogleUpdater --crash-handler --database=/Users/lutan/Library/Application Support/Google/GoogleUpdater/152.0.7933.0/Crashpad --url=https://clients2.google.com/cr/report --annotation=prod=Update4 --annotation=ver=152.0.7933.0 --handshake-fd=6 --enable-logging --vmodule=*/components/update_client/*=2,*/chrome/enterprise_companion/*=2,*/chrome/updater/*=2
[44725:4658440:0713/143128.853262:VERBOSE1:chrome/updater/updater.cc:377] OS version: 15.7.7, arch: x86_64, System uptime (seconds): 249424, parent pid: 1
[44725:4658440:0713/143128.868981:VERBOSE1:chrome/updater/updater.cc:382] Available disk space in install directory (/Users/lutan/Library/Application Support/Google/GoogleUpdater): 238253748224B (221.891GiB) / 499963174912B (465.627GiB)
[44725:4658440:0713/143128.869117:VERBOSE1:chrome/updater/updater.cc:386] Available disk space in temporary directory (/var/folders/zg/w96xmz093p5b24rf49lfv4500000gn/T/): 238253748224B (221.891GiB) / 499963174912B (465.627GiB)
[44725:4658440:0713/143128.869504:VERBOSE2:chrome/updater/event_history.cc:265] Emitted a UPDATER_PROCESS START event to the history log
[44714:4658427:0713/143128.871270:VERBOSE1:chrome/updater/crash_reporter.cc:124] Crash handler launched and ready.
[44714:4658427:0713/143128.881177:VERBOSE1:chrome/updater/crash_client.cc:108] Found 0 completed crash reports
[44714:4658427:0713/143128.881554:VERBOSE1:chrome/updater/crash_client.cc:132] Found 0 pending crash reports
[44714:4658427:0713/143128.881893:ERROR:third_party/crashpad/crashpad/util/file/file_io_posix.cc:145] open /Users/lutan/Library/Application Support/Google/RLZ/Crashpad/settings.dat: No such file or directory (2)
[44714:4658427:0713/143128.882872:VERBOSE1:chrome/updater/updater.cc:105] Crash reporting initialized.
[44714:4658455:0713/143128.884433:VERBOSE1:chrome/updater/app/app_wakeall.cc:58] Launching `/Users/lutan/Library/Application Support/Google/GoogleUpdater/152.0.7933.0/GoogleUpdater.app/Contents/MacOS/GoogleUpdater --wake`
[44726:4658459:0713/143128.931085:VERBOSE1:chrome/updater/updater.cc:374] Version: 152.0.7933.0, opt, x86_64, command line: /Users/lutan/Library/Application Support/Google/GoogleUpdater/152.0.7933.0/GoogleUpdater.app/Contents/MacOS/GoogleUpdater --wake --enable-logging --vmodule=*/components/update_client/*=2,*/chrome/enterprise_companion/*=2,*/chrome/updater/*=2
[44726:4658459:0713/143128.933003:VERBOSE1:chrome/updater/updater.cc:377] OS version: 15.7.7, arch: x86_64, System uptime (seconds): 249424, parent pid: 44714
[44726:4658459:0713/143128.945601:VERBOSE1:chrome/updater/updater.cc:382] Available disk space in install directory (/Users/lutan/Library/Application Support/Google/GoogleUpdater): 238253748224B (221.891GiB) / 499963174912B (465.627GiB)
[44726:4658459:0713/143128.946040:VERBOSE1:chrome/updater/updater.cc:386] Available disk space in temporary directory (/var/folders/zg/w96xmz093p5b24rf49lfv4500000gn/T/): 238253748224B (221.891GiB) / 499963174912B (465.627GiB)
[44726:4658459:0713/143128.946412:VERBOSE2:chrome/updater/event_history.cc:265] Emitted a UPDATER_PROCESS START event to the history log
[44728:4658463:0713/143129.004661:VERBOSE1:chrome/updater/updater.cc:374] Version: 152.0.7933.0, opt, x86_64, command line: /Users/lutan/Library/Application Support/Google/GoogleUpdater/152.0.7933.0/GoogleUpdater.app/Contents/MacOS/GoogleUpdater --crash-handler --database=/Users/lutan/Library/Application Support/Google/GoogleUpdater/152.0.7933.0/Crashpad --url=https://clients2.google.com/cr/report --annotation=prod=Update4 --annotation=ver=152.0.7933.0 --handshake-fd=6 --enable-logging --vmodule=*/components/update_client/*=2,*/chrome/enterprise_companion/*=2,*/chrome/updater/*=2
[44728:4658463:0713/143129.006973:VERBOSE1:chrome/updater/updater.cc:377] OS version: 15.7.7, arch: x86_64, System uptime (seconds): 249424, parent pid: 1
[44728:4658463:0713/143129.035267:VERBOSE1:chrome/updater/updater.cc:382] Available disk space in install directory (/Users/lutan/Library/Application Support/Google/GoogleUpdater): 238253748224B (221.891GiB) / 499963174912B (465.627GiB)
[44728:4658463:0713/143129.035402:VERBOSE1:chrome/updater/updater.cc:386] Available disk space in temporary directory (/var/folders/zg/w96xmz093p5b24rf49lfv4500000gn/T/): 238253748224B (221.891GiB) / 499963174912B (465.627GiB)
[44728:4658463:0713/143129.035993:VERBOSE2:chrome/updater/event_history.cc:265] Emitted a UPDATER_PROCESS START event to the history log
[44726:4658459:0713/143129.038815:VERBOSE1:chrome/updater/crash_reporter.cc:124] Crash handler launched and ready.
[44726:4658459:0713/143129.052224:VERBOSE1:chrome/updater/crash_client.cc:108] Found 0 completed crash reports
[44726:4658459:0713/143129.052600:VERBOSE1:chrome/updater/crash_client.cc:132] Found 0 pending crash reports
[44726:4658459:0713/143129.053156:ERROR:third_party/crashpad/crashpad/util/file/file_io_posix.cc:145] open /Users/lutan/Library/Application Support/Google/RLZ/Crashpad/settings.dat: No such file or directory (2)
[44726:4658459:0713/143129.053880:VERBOSE1:chrome/updater/updater.cc:105] Crash reporting initialized.
[44726:4658459:0713/143129.054813:VERBOSE1:chrome/updater/ipc/update_service_internal_proxy_mojo.cc:61] Run
[44726:4658459:0713/143146.683834:VERBOSE1:chrome/updater/app/app.cc:52] Shutdown: 0
[44726:4658459:0713/143146.688238:VERBOSE2:chrome/updater/event_history.cc:265] Emitted a UPDATER_PROCESS END event to the history log
[44726:4658459:0713/143146.688312:VERBOSE1:chrome/updater/updater.cc:419] UpdaterMain (--wake) returned 0.
[44714:4658455:0713/143146.919010:VERBOSE1:chrome/updater/app/app_wakeall.cc:68] `/Users/lutan/Library/Application Support/Google/GoogleUpdater/152.0.7933.0/GoogleUpdater.app/Contents/MacOS/GoogleUpdater --wake` exited 0
[44714:4658427:0713/143146.927216:VERBOSE1:chrome/updater/app/app.cc:52] Shutdown: 0
[44714:4658427:0713/143146.931792:VERBOSE2:chrome/updater/event_history.cc:265] Emitted a UPDATER_PROCESS END event to the history log
[44714:4658427:0713/143146.931899:VERBOSE1:chrome/updater/updater.cc:419] UpdaterMain (--wake-all) returned 0.
[44728:4658463:0713/143156.705173:VERBOSE2:chrome/updater/event_history.cc:265] Emitted a UPDATER_PROCESS END event to the history log
[44728:4658463:0713/143156.705328:VERBOSE1:chrome/updater/updater.cc:419] UpdaterMain (--crash-handler) returned 0.
[44725:4658440:0713/143156.712159:VERBOSE2:chrome/updater/event_history.cc:265] Emitted a UPDATER_PROCESS END event to the history log
[44725:4658440:0713/143156.712317:VERBOSE1:chrome/updater/updater.cc:419] UpdaterMain (--crash-handler) returned 0.
